<?xml version="1.0" encoding="UTF-8"?>
<!-- Generated by org.testng.reporters.JUnitReportReporter -->
<testsuite hostname="Vivaan" failures="0" tests="3" name="allureReport.allureDemo_Report" time="0.837" errors="0" timestamp="2023-10-17T08:58:00 CDT" skipped="0">
  <testcase classname="allureReport.allureDemo_Report" name="logodisplay" time="0.053"/>
  <system-out/>
  <testcase classname="allureReport.allureDemo_Report" name="login" time="0.645"/>
  <system-out/>
  <testcase classname="allureReport.allureDemo_Report" name="endprogram" time="0.139"/>
  <system-out/>
</testsuite> <!-- allureReport.allureDemo_Report -->
